  Building Custom Rule K:/Coding/FreeSynd/source/kernel/CMakeLists.txt
  agent.cpp
K:\Coding\FreeSynd\source\kernel\src\model\agent.cpp(82,20): warning C4267: '=': conversion from 'size_t' to 'int', possible loss of data
K:\Coding\FreeSynd\source\kernel\src\model\agent.cpp(109,9): warning C4189: 'health': local variable is initialized but not referenced
C:\Program Files\Microsoft Visual Studio\2022\Community\VC\Tools\MSVC\14.44.35207\include\algorithm(3800,24): warning C4242: '=': conversion from 'int' to 'char', possible loss of data
  (compiling source file '../../../source/kernel/src/model/agent.cpp')
      C:\Program Files\Microsoft Visual Studio\2022\Community\VC\Tools\MSVC\14.44.35207\include\algorithm(3800,24):
      the template instantiation context (the oldest one first) is
          K:\Coding\FreeSynd\source\utils\include\fs-utils\io\configfile.h(181,10):
          see reference to function template instantiation '_OutIt std::transform<std::_String_iterator<std::_String_val<std::_Simple_types<_Elem>>>,std::_String_iterator<std::_String_val<std::_Simple_types<_Elem>>>,ConfigFile::string_as_T::<lambda_1>>(const _InIt,const _InIt,_OutIt,_Fn)' being compiled
          with
          [
              _OutIt=std::_String_iterator<std::_String_val<std::_Simple_types<char>>>,
              _Elem=char,
              _InIt=std::_String_iterator<std::_String_val<std::_Simple_types<char>>>,
              _Fn=ConfigFile::string_as_T::<lambda_1>
          ]
  
  ipastim.cpp
K:\Coding\FreeSynd\source\kernel\src\model\ipastim.cpp(79,20): warning C4244: 'initializing': conversion from 'double' to 'float', possible loss of data
  mod.cpp
  map.cpp
K:\Coding\FreeSynd\source\kernel\src\model\map.cpp(331,29): warning C4244: 'initializing': conversion from 'int' to 'unsigned short', possible loss of data
  mapobject.cpp
  missionbriefing.cpp
  mission.cpp
K:\Coding\FreeSynd\source\kernel\src\model\mission.cpp(489,13): warning C4477: 'printf' : format string '%s' requires an argument of type 'char *', but variadic argument 1 has type 'int'
K:\Coding\FreeSynd\source\kernel\src\model\mission.cpp(489,13): warning C4313: 'printf': '%s' in format string conflicts with argument 1 of type 'int'
C:\Program Files\Microsoft Visual Studio\2022\Community\VC\Tools\MSVC\14.44.35207\include\algorithm(3800,24): warning C4242: '=': conversion from 'int' to 'char', possible loss of data
  (compiling source file '../../../source/kernel/src/model/mission.cpp')
      C:\Program Files\Microsoft Visual Studio\2022\Community\VC\Tools\MSVC\14.44.35207\include\algorithm(3800,24):
      the template instantiation context (the oldest one first) is
          K:\Coding\FreeSynd\source\utils\include\fs-utils\io\configfile.h(181,10):
          see reference to function template instantiation '_OutIt std::transform<std::_String_iterator<std::_String_val<std::_Simple_types<_Elem>>>,std::_String_iterator<std::_String_val<std::_Simple_types<_Elem>>>,ConfigFile::string_as_T::<lambda_1>>(const _InIt,const _InIt,_OutIt,_Fn)' being compiled
          with
          [
              _OutIt=std::_String_iterator<std::_String_val<std::_Simple_types<char>>>,
              _Elem=char,
              _InIt=std::_String_iterator<std::_String_val<std::_Simple_types<char>>>,
              _Fn=ConfigFile::string_as_T::<lambda_1>
          ]
  
  objectivedesc.cpp
C:\Program Files\Microsoft Visual Studio\2022\Community\VC\Tools\MSVC\14.44.35207\include\algorithm(3800,24): warning C4242: '=': conversion from 'int' to 'char', possible loss of data
  (compiling source file '../../../source/kernel/src/model/objectivedesc.cpp')
      C:\Program Files\Microsoft Visual Studio\2022\Community\VC\Tools\MSVC\14.44.35207\include\algorithm(3800,24):
      the template instantiation context (the oldest one first) is
          K:\Coding\FreeSynd\source\utils\include\fs-utils\io\configfile.h(181,10):
          see reference to function template instantiation '_OutIt std::transform<std::_String_iterator<std::_String_val<std::_Simple_types<_Elem>>>,std::_String_iterator<std::_String_val<std::_Simple_types<_Elem>>>,ConfigFile::string_as_T::<lambda_1>>(const _InIt,const _InIt,_OutIt,_Fn)' being compiled
          with
          [
              _OutIt=std::_String_iterator<std::_String_val<std::_Simple_types<char>>>,
              _Elem=char,
              _InIt=std::_String_iterator<std::_String_val<std::_Simple_types<char>>>,
              _Fn=ConfigFile::string_as_T::<lambda_1>
          ]
  
  ped.cpp
K:\Coding\FreeSynd\source\kernel\src\model\ped.cpp(1018,13): warning C4477: 'printf' : format string '%s' requires an argument of type 'char *', but variadic argument 1 has type 'int'
K:\Coding\FreeSynd\source\kernel\src\model\ped.cpp(1018,13): warning C4313: 'printf': '%s' in format string conflicts with argument 1 of type 'int'
C:\Program Files\Microsoft Visual Studio\2022\Community\VC\Tools\MSVC\14.44.35207\include\algorithm(3800,24): warning C4242: '=': conversion from 'int' to 'char', possible loss of data
  (compiling source file '../../../source/kernel/src/model/ped.cpp')
      C:\Program Files\Microsoft Visual Studio\2022\Community\VC\Tools\MSVC\14.44.35207\include\algorithm(3800,24):
      the template instantiation context (the oldest one first) is
          K:\Coding\FreeSynd\source\utils\include\fs-utils\io\configfile.h(181,10):
          see reference to function template instantiation '_OutIt std::transform<std::_String_iterator<std::_String_val<std::_Simple_types<_Elem>>>,std::_String_iterator<std::_String_val<std::_Simple_types<_Elem>>>,ConfigFile::string_as_T::<lambda_1>>(const _InIt,const _InIt,_OutIt,_Fn)' being compiled
          with
          [
              _OutIt=std::_String_iterator<std::_String_val<std::_Simple_types<char>>>,
              _Elem=char,
              _InIt=std::_String_iterator<std::_String_val<std::_Simple_types<char>>>,
              _Fn=ConfigFile::string_as_T::<lambda_1>
          ]
  
  pedactions.cpp
C:\Program Files\Microsoft Visual Studio\2022\Community\VC\Tools\MSVC\14.44.35207\include\algorithm(3800,24): warning C4242: '=': conversion from 'int' to 'char', possible loss of data
  (compiling source file '../../../source/kernel/src/model/pedactions.cpp')
      C:\Program Files\Microsoft Visual Studio\2022\Community\VC\Tools\MSVC\14.44.35207\include\algorithm(3800,24):
      the template instantiation context (the oldest one first) is
          K:\Coding\FreeSynd\source\utils\include\fs-utils\io\configfile.h(181,10):
          see reference to function template instantiation '_OutIt std::transform<std::_String_iterator<std::_String_val<std::_Simple_types<_Elem>>>,std::_String_iterator<std::_String_val<std::_Simple_types<_Elem>>>,ConfigFile::string_as_T::<lambda_1>>(const _InIt,const _InIt,_OutIt,_Fn)' being compiled
          with
          [
              _OutIt=std::_String_iterator<std::_String_val<std::_Simple_types<char>>>,
              _Elem=char,
              _InIt=std::_String_iterator<std::_String_val<std::_Simple_types<char>>>,
              _Fn=ConfigFile::string_as_T::<lambda_1>
          ]
  
  pedpathfinding.cpp
K:\Coding\FreeSynd\source\kernel\src\model\pedpathfinding.cpp(576,28): warning C4267: '=': conversion from 'size_t' to 'uint16_t', possible loss of data
K:\Coding\FreeSynd\source\kernel\src\model\pedpathfinding.cpp(938,28): warning C4267: '=': conversion from 'size_t' to 'uint16_t', possible loss of data
C:\Program Files\Microsoft Visual Studio\2022\Community\VC\Tools\MSVC\14.44.35207\include\algorithm(3800,24): warning C4242: '=': conversion from 'int' to 'char', possible loss of data
  (compiling source file '../../../source/kernel/src/model/pedpathfinding.cpp')
      C:\Program Files\Microsoft Visual Studio\2022\Community\VC\Tools\MSVC\14.44.35207\include\algorithm(3800,24):
      the template instantiation context (the oldest one first) is
          K:\Coding\FreeSynd\source\utils\include\fs-utils\io\configfile.h(181,10):
          see reference to function template instantiation '_OutIt std::transform<std::_String_iterator<std::_String_val<std::_Simple_types<_Elem>>>,std::_String_iterator<std::_String_val<std::_Simple_types<_Elem>>>,ConfigFile::string_as_T::<lambda_1>>(const _InIt,const _InIt,_OutIt,_Fn)' being compiled
          with
          [
              _OutIt=std::_String_iterator<std::_String_val<std::_Simple_types<char>>>,
              _Elem=char,
              _InIt=std::_String_iterator<std::_String_val<std::_Simple_types<char>>>,
              _Fn=ConfigFile::string_as_T::<lambda_1>
          ]
  
  research.cpp
K:\Coding\FreeSynd\source\kernel\src\model\research.cpp(130,42): warning C4244: '=': conversion from 'int' to 'short', possible loss of data
K:\Coding\FreeSynd\source\kernel\src\model\research.cpp(137,34): warning C4244: '=': conversion from 'int' to 'short', possible loss of data
K:\Coding\FreeSynd\source\kernel\src\model\research.cpp(144,27): warning C4242: '=': conversion from 'int' to 'short', possible loss of data
K:\Coding\FreeSynd\source\kernel\src\model\research.cpp(223,36): warning C4267: 'argument': conversion from 'size_t' to 'uint32_t', possible loss of data
K:\Coding\FreeSynd\source\kernel\src\model\research.cpp(236,103): warning C4100: 'v': unreferenced parameter
K:\Coding\FreeSynd\source\kernel\src\model\research.cpp(236,68): warning C4100: 'type': unreferenced parameter
C:\Program Files\Microsoft Visual Studio\2022\Community\VC\Tools\MSVC\14.44.35207\include\algorithm(3800,24): warning C4242: '=': conversion from 'int' to 'char', possible loss of data
  (compiling source file '../../../source/kernel/src/model/research.cpp')
      C:\Program Files\Microsoft Visual Studio\2022\Community\VC\Tools\MSVC\14.44.35207\include\algorithm(3800,24):
      the template instantiation context (the oldest one first) is
          K:\Coding\FreeSynd\source\utils\include\fs-utils\io\configfile.h(181,10):
          see reference to function template instantiation '_OutIt std::transform<std::_String_iterator<std::_String_val<std::_Simple_types<_Elem>>>,std::_String_iterator<std::_String_val<std::_Simple_types<_Elem>>>,ConfigFile::string_as_T::<lambda_1>>(const _InIt,const _InIt,_OutIt,_Fn)' being compiled
          with
          [
              _OutIt=std::_String_iterator<std::_String_val<std::_Simple_types<char>>>,
              _Elem=char,
              _InIt=std::_String_iterator<std::_String_val<std::_Simple_types<char>>>,
              _Fn=ConfigFile::string_as_T::<lambda_1>
          ]
  
  static.cpp
K:\Coding\FreeSynd\source\kernel\src\model\static.cpp(591,35): warning C4456: declaration of 'pPed' hides previous local declaration
      K:\Coding\FreeSynd\source\kernel\src\model\static.cpp(464,18):
      see declaration of 'pPed'
  
K:\Coding\FreeSynd\source\kernel\src\model\static.cpp(605,35): warning C4456: declaration of 'pPed' hides previous local declaration
      K:\Coding\FreeSynd\source\kernel\src\model\static.cpp(464,18):
      see declaration of 'pPed'
  
K:\Coding\FreeSynd\source\kernel\src\model\static.cpp(693,31): warning C4456: declaration of 'pPed' hides previous local declaration
      K:\Coding\FreeSynd\source\kernel\src\model\static.cpp(464,18):
      see declaration of 'pPed'
  
K:\Coding\FreeSynd\source\kernel\src\model\static.cpp(694,42): warning C4242: '=': conversion from 'int' to 'char', possible loss of data
K:\Coding\FreeSynd\source\kernel\src\model\static.cpp(763,31): warning C4456: declaration of 'pPed' hides previous local declaration
      K:\Coding\FreeSynd\source\kernel\src\model\static.cpp(464,18):
      see declaration of 'pPed'
  
K:\Coding\FreeSynd\source\kernel\src\model\static.cpp(764,42): warning C4242: '=': conversion from 'int' to 'char', possible loss of data
K:\Coding\FreeSynd\source\kernel\src\model\static.cpp(914,72): warning C4242: 'argument': conversion from 'int' to 'uint8_t', possible loss of data
C:\Program Files\Microsoft Visual Studio\2022\Community\VC\Tools\MSVC\14.44.35207\include\algorithm(3800,24): warning C4242: '=': conversion from 'int' to 'char', possible loss of data
  (compiling source file '../../../source/kernel/src/model/static.cpp')
      C:\Program Files\Microsoft Visual Studio\2022\Community\VC\Tools\MSVC\14.44.35207\include\algorithm(3800,24):
      the template instantiation context (the oldest one first) is
          K:\Coding\FreeSynd\source\utils\include\fs-utils\io\configfile.h(181,10):
          see reference to function template instantiation '_OutIt std::transform<std::_String_iterator<std::_String_val<std::_Simple_types<_Elem>>>,std::_String_iterator<std::_String_val<std::_Simple_types<_Elem>>>,ConfigFile::string_as_T::<lambda_1>>(const _InIt,const _InIt,_OutIt,_Fn)' being compiled
          with
          [
              _OutIt=std::_String_iterator<std::_String_val<std::_Simple_types<char>>>,
              _Elem=char,
              _InIt=std::_String_iterator<std::_String_val<std::_Simple_types<char>>>,
              _Fn=ConfigFile::string_as_T::<lambda_1>
          ]
  
  sfxobject.cpp
  shot.cpp
K:\Coding\FreeSynd\source\kernel\src\model\shot.cpp(322,44): warning C4244: 'initializing': conversion from 'int' to 'uint8', possible loss of data
K:\Coding\FreeSynd\source\kernel\src\model\shot.cpp(322,23): warning C4244: 'initializing': conversion from 'int' to 'const uint8', possible loss of data
K:\Coding\FreeSynd\source\kernel\src\model\shot.cpp(364,58): warning C4244: 'argument': conversion from 'double' to 'int32_t', possible loss of data
K:\Coding\FreeSynd\source\kernel\src\model\shot.cpp(374,93): warning C4244: 'argument': conversion from 'double' to 'int32_t', possible loss of data
K:\Coding\FreeSynd\source\kernel\src\model\shot.cpp(385,58): warning C4244: 'argument': conversion from 'double' to 'int32_t', possible loss of data
C:\Program Files\Microsoft Visual Studio\2022\Community\VC\Tools\MSVC\14.44.35207\include\algorithm(3800,24): warning C4242: '=': conversion from 'int' to 'char', possible loss of data
  (compiling source file '../../../source/kernel/src/model/shot.cpp')
      C:\Program Files\Microsoft Visual Studio\2022\Community\VC\Tools\MSVC\14.44.35207\include\algorithm(3800,24):
      the template instantiation context (the oldest one first) is
          K:\Coding\FreeSynd\source\utils\include\fs-utils\io\configfile.h(181,10):
          see reference to function template instantiation '_OutIt std::transform<std::_String_iterator<std::_String_val<std::_Simple_types<_Elem>>>,std::_String_iterator<std::_String_val<std::_Simple_types<_Elem>>>,ConfigFile::string_as_T::<lambda_1>>(const _InIt,const _InIt,_OutIt,_Fn)' being compiled
          with
          [
              _OutIt=std::_String_iterator<std::_String_val<std::_Simple_types<char>>>,
              _Elem=char,
              _InIt=std::_String_iterator<std::_String_val<std::_Simple_types<char>>>,
              _Fn=ConfigFile::string_as_T::<lambda_1>
          ]
  
  squad.cpp
C:\Program Files\Microsoft Visual Studio\2022\Community\VC\Tools\MSVC\14.44.35207\include\algorithm(3800,24): warning C4242: '=': conversion from 'int' to 'char', possible loss of data
  (compiling source file '../../../source/kernel/src/model/squad.cpp')
      C:\Program Files\Microsoft Visual Studio\2022\Community\VC\Tools\MSVC\14.44.35207\include\algorithm(3800,24):
      the template instantiation context (the oldest one first) is
          K:\Coding\FreeSynd\source\utils\include\fs-utils\io\configfile.h(181,10):
          see reference to function template instantiation '_OutIt std::transform<std::_String_iterator<std::_String_val<std::_Simple_types<_Elem>>>,std::_String_iterator<std::_String_val<std::_Simple_types<_Elem>>>,ConfigFile::string_as_T::<lambda_1>>(const _InIt,const _InIt,_OutIt,_Fn)' being compiled
          with
          [
              _OutIt=std::_String_iterator<std::_String_val<std::_Simple_types<char>>>,
              _Elem=char,
              _InIt=std::_String_iterator<std::_String_val<std::_Simple_types<char>>>,
              _Fn=ConfigFile::string_as_T::<lambda_1>
          ]
  
  time.cpp
  train.cpp
C:\Program Files\Microsoft Visual Studio\2022\Community\VC\Tools\MSVC\14.44.35207\include\algorithm(3800,24): warning C4242: '=': conversion from 'int' to 'char', possible loss of data
  (compiling source file '../../../source/kernel/src/model/train.cpp')
      C:\Program Files\Microsoft Visual Studio\2022\Community\VC\Tools\MSVC\14.44.35207\include\algorithm(3800,24):
      the template instantiation context (the oldest one first) is
          K:\Coding\FreeSynd\source\utils\include\fs-utils\io\configfile.h(181,10):
          see reference to function template instantiation '_OutIt std::transform<std::_String_iterator<std::_String_val<std::_Simple_types<_Elem>>>,std::_String_iterator<std::_String_val<std::_Simple_types<_Elem>>>,ConfigFile::string_as_T::<lambda_1>>(const _InIt,const _InIt,_OutIt,_Fn)' being compiled
          with
          [
              _OutIt=std::_String_iterator<std::_String_val<std::_Simple_types<char>>>,
              _Elem=char,
              _InIt=std::_String_iterator<std::_String_val<std::_Simple_types<char>>>,
              _Fn=ConfigFile::string_as_T::<lambda_1>
          ]
  
  vehicle.cpp
K:\Coding\FreeSynd\source\kernel\src\model\vehicle.cpp(367,53): warning C4100: 'pMission': unreferenced parameter
K:\Coding\FreeSynd\source\kernel\src\model\vehicle.cpp(672,52): warning C4100: 'm': unreferenced parameter
C:\Program Files\Microsoft Visual Studio\2022\Community\VC\Tools\MSVC\14.44.35207\include\algorithm(3800,24): warning C4242: '=': conversion from 'int' to 'char', possible loss of data
  (compiling source file '../../../source/kernel/src/model/vehicle.cpp')
      C:\Program Files\Microsoft Visual Studio\2022\Community\VC\Tools\MSVC\14.44.35207\include\algorithm(3800,24):
      the template instantiation context (the oldest one first) is
          K:\Coding\FreeSynd\source\utils\include\fs-utils\io\configfile.h(181,10):
          see reference to function template instantiation '_OutIt std::transform<std::_String_iterator<std::_String_val<std::_Simple_types<_Elem>>>,std::_String_iterator<std::_String_val<std::_Simple_types<_Elem>>>,ConfigFile::string_as_T::<lambda_1>>(const _InIt,const _InIt,_OutIt,_Fn)' being compiled
          with
          [
              _OutIt=std::_String_iterator<std::_String_val<std::_Simple_types<char>>>,
              _Elem=char,
              _InIt=std::_String_iterator<std::_String_val<std::_Simple_types<char>>>,
              _Fn=ConfigFile::string_as_T::<lambda_1>
          ]
  
  weapon.cpp
K:\Coding\FreeSynd\source\kernel\src\model\weapon.cpp(283,75): warning C4242: 'argument': conversion from 'int' to 'uint16_t', possible loss of data
K:\Coding\FreeSynd\source\kernel\src\model\weapon.cpp(318,48): warning C4018: '>=': signed/unsigned mismatch
C:\Program Files\Microsoft Visual Studio\2022\Community\VC\Tools\MSVC\14.44.35207\include\algorithm(3800,24): warning C4242: '=': conversion from 'int' to 'char', possible loss of data
  (compiling source file '../../../source/kernel/src/model/weapon.cpp')
      C:\Program Files\Microsoft Visual Studio\2022\Community\VC\Tools\MSVC\14.44.35207\include\algorithm(3800,24):
      the template instantiation context (the oldest one first) is
          K:\Coding\FreeSynd\source\utils\include\fs-utils\io\configfile.h(181,10):
          see reference to function template instantiation '_OutIt std::transform<std::_String_iterator<std::_String_val<std::_Simple_types<_Elem>>>,std::_String_iterator<std::_String_val<std::_Simple_types<_Elem>>>,ConfigFile::string_as_T::<lambda_1>>(const _InIt,const _InIt,_OutIt,_Fn)' being compiled
          with
          [
              _OutIt=std::_String_iterator<std::_String_val<std::_Simple_types<char>>>,
              _Elem=char,
              _InIt=std::_String_iterator<std::_String_val<std::_Simple_types<char>>>,
              _Fn=ConfigFile::string_as_T::<lambda_1>
          ]
  
  Generating Code...
K:\Coding\FreeSynd\source\kernel\src\model\static.cpp(720,1): warning C4701: potentially uninitialized local variable 'sign' used
K:\Coding\FreeSynd\source\kernel\src\model\pedpathfinding.cpp(962,1): warning C4701: potentially uninitialized local variable 'lt' used
K:\Coding\FreeSynd\source\kernel\src\model\mission.cpp(2973,1): warning C4701: potentially uninitialized local variable 'bx' used
K:\Coding\FreeSynd\source\kernel\src\model\mission.cpp(2973,1): warning C4701: potentially uninitialized local variable 'by' used
K:\Coding\FreeSynd\source\kernel\src\model\mission.cpp(2973,1): warning C4701: potentially uninitialized local variable 'box' used
K:\Coding\FreeSynd\source\kernel\src\model\mission.cpp(2973,1): warning C4701: potentially uninitialized local variable 'boy' used
  Compiling...
  weaponholder.cpp
C:\Program Files\Microsoft Visual Studio\2022\Community\VC\Tools\MSVC\14.44.35207\include\algorithm(3800,24): warning C4242: '=': conversion from 'int' to 'char', possible loss of data
  (compiling source file '../../../source/kernel/src/model/weaponholder.cpp')
      C:\Program Files\Microsoft Visual Studio\2022\Community\VC\Tools\MSVC\14.44.35207\include\algorithm(3800,24):
      the template instantiation context (the oldest one first) is
          K:\Coding\FreeSynd\source\utils\include\fs-utils\io\configfile.h(181,10):
          see reference to function template instantiation '_OutIt std::transform<std::_String_iterator<std::_String_val<std::_Simple_types<_Elem>>>,std::_String_iterator<std::_String_val<std::_Simple_types<_Elem>>>,ConfigFile::string_as_T::<lambda_1>>(const _InIt,const _InIt,_OutIt,_Fn)' being compiled
          with
          [
              _OutIt=std::_String_iterator<std::_String_val<std::_Simple_types<char>>>,
              _Elem=char,
              _InIt=std::_String_iterator<std::_String_val<std::_Simple_types<char>>>,
              _Fn=ConfigFile::string_as_T::<lambda_1>
          ]
  
  actions.cpp
C:\Program Files\Microsoft Visual Studio\2022\Community\VC\Tools\MSVC\14.44.35207\include\algorithm(3800,24): warning C4242: '=': conversion from 'int' to 'char', possible loss of data
  (compiling source file '../../../source/kernel/src/ia/actions.cpp')
      C:\Program Files\Microsoft Visual Studio\2022\Community\VC\Tools\MSVC\14.44.35207\include\algorithm(3800,24):
      the template instantiation context (the oldest one first) is
          K:\Coding\FreeSynd\source\utils\include\fs-utils\io\configfile.h(181,10):
          see reference to function template instantiation '_OutIt std::transform<std::_String_iterator<std::_String_val<std::_Simple_types<_Elem>>>,std::_String_iterator<std::_String_val<std::_Simple_types<_Elem>>>,ConfigFile::string_as_T::<lambda_1>>(const _InIt,const _InIt,_OutIt,_Fn)' being compiled
          with
          [
              _OutIt=std::_String_iterator<std::_String_val<std::_Simple_types<char>>>,
              _Elem=char,
              _InIt=std::_String_iterator<std::_String_val<std::_Simple_types<char>>>,
              _Fn=ConfigFile::string_as_T::<lambda_1>
          ]
  
  behaviour.cpp
C:\Program Files\Microsoft Visual Studio\2022\Community\VC\Tools\MSVC\14.44.35207\include\algorithm(3800,24): warning C4242: '=': conversion from 'int' to 'char', possible loss of data
  (compiling source file '../../../source/kernel/src/ia/behaviour.cpp')
      C:\Program Files\Microsoft Visual Studio\2022\Community\VC\Tools\MSVC\14.44.35207\include\algorithm(3800,24):
      the template instantiation context (the oldest one first) is
          K:\Coding\FreeSynd\source\utils\include\fs-utils\io\configfile.h(181,10):
          see reference to function template instantiation '_OutIt std::transform<std::_String_iterator<std::_String_val<std::_Simple_types<_Elem>>>,std::_String_iterator<std::_String_val<std::_Simple_types<_Elem>>>,ConfigFile::string_as_T::<lambda_1>>(const _InIt,const _InIt,_OutIt,_Fn)' being compiled
          with
          [
              _OutIt=std::_String_iterator<std::_String_val<std::_Simple_types<char>>>,
              _Elem=char,
              _InIt=std::_String_iterator<std::_String_val<std::_Simple_types<char>>>,
              _Fn=ConfigFile::string_as_T::<lambda_1>
          ]
  
  agentmanager.cpp
C:\Program Files\Microsoft Visual Studio\2022\Community\VC\Tools\MSVC\14.44.35207\include\algorithm(3800,24): warning C4242: '=': conversion from 'int' to 'char', possible loss of data
  (compiling source file '../../../source/kernel/src/mgr/agentmanager.cpp')
      C:\Program Files\Microsoft Visual Studio\2022\Community\VC\Tools\MSVC\14.44.35207\include\algorithm(3800,24):
      the template instantiation context (the oldest one first) is
          K:\Coding\FreeSynd\source\utils\include\fs-utils\io\configfile.h(181,10):
          see reference to function template instantiation '_OutIt std::transform<std::_String_iterator<std::_String_val<std::_Simple_types<_Elem>>>,std::_String_iterator<std::_String_val<std::_Simple_types<_Elem>>>,ConfigFile::string_as_T::<lambda_1>>(const _InIt,const _InIt,_OutIt,_Fn)' being compiled
          with
          [
              _OutIt=std::_String_iterator<std::_String_val<std::_Simple_types<char>>>,
              _Elem=char,
              _InIt=std::_String_iterator<std::_String_val<std::_Simple_types<char>>>,
              _Fn=ConfigFile::string_as_T::<lambda_1>
          ]
  
  pedmanager.cpp
C:\Program Files\Microsoft Visual Studio\2022\Community\VC\Tools\MSVC\14.44.35207\include\algorithm(3800,24): warning C4242: '=': conversion from 'int' to 'char', possible loss of data
  (compiling source file '../../../source/kernel/src/mgr/pedmanager.cpp')
      C:\Program Files\Microsoft Visual Studio\2022\Community\VC\Tools\MSVC\14.44.35207\include\algorithm(3800,24):
      the template instantiation context (the oldest one first) is
          K:\Coding\FreeSynd\source\utils\include\fs-utils\io\configfile.h(181,10):
          see reference to function template instantiation '_OutIt std::transform<std::_String_iterator<std::_String_val<std::_Simple_types<_Elem>>>,std::_String_iterator<std::_String_val<std::_Simple_types<_Elem>>>,ConfigFile::string_as_T::<lambda_1>>(const _InIt,const _InIt,_OutIt,_Fn)' being compiled
          with
          [
              _OutIt=std::_String_iterator<std::_String_val<std::_Simple_types<char>>>,
              _Elem=char,
              _InIt=std::_String_iterator<std::_String_val<std::_Simple_types<char>>>,
              _Fn=ConfigFile::string_as_T::<lambda_1>
          ]
  
  mapmanager.cpp
C:\Program Files\Microsoft Visual Studio\2022\Community\VC\Tools\MSVC\14.44.35207\include\algorithm(3800,24): warning C4242: '=': conversion from 'int' to 'char', possible loss of data
  (compiling source file '../../../source/kernel/src/mgr/mapmanager.cpp')
      C:\Program Files\Microsoft Visual Studio\2022\Community\VC\Tools\MSVC\14.44.35207\include\algorithm(3800,24):
      the template instantiation context (the oldest one first) is
          K:\Coding\FreeSynd\source\utils\include\fs-utils\io\configfile.h(181,10):
          see reference to function template instantiation '_OutIt std::transform<std::_String_iterator<std::_String_val<std::_Simple_types<_Elem>>>,std::_String_iterator<std::_String_val<std::_Simple_types<_Elem>>>,ConfigFile::string_as_T::<lambda_1>>(const _InIt,const _InIt,_OutIt,_Fn)' being compiled
          with
          [
              _OutIt=std::_String_iterator<std::_String_val<std::_Simple_types<char>>>,
              _Elem=char,
              _InIt=std::_String_iterator<std::_String_val<std::_Simple_types<char>>>,
              _Fn=ConfigFile::string_as_T::<lambda_1>
          ]
  
  modmanager.cpp
K:\Coding\FreeSynd\source\kernel\src\mgr\modmanager.cpp(243,28): warning C4267: 'argument': conversion from 'size_t' to 'uint32_t', possible loss of data
K:\Coding\FreeSynd\source\kernel\src\mgr\modmanager.cpp(253,90): warning C4100: 'v': unreferenced parameter
C:\Program Files\Microsoft Visual Studio\2022\Community\VC\Tools\MSVC\14.44.35207\include\algorithm(3800,24): warning C4242: '=': conversion from 'int' to 'char', possible loss of data
  (compiling source file '../../../source/kernel/src/mgr/modmanager.cpp')
      C:\Program Files\Microsoft Visual Studio\2022\Community\VC\Tools\MSVC\14.44.35207\include\algorithm(3800,24):
      the template instantiation context (the oldest one first) is
          K:\Coding\FreeSynd\source\utils\include\fs-utils\io\configfile.h(181,10):
          see reference to function template instantiation '_OutIt std::transform<std::_String_iterator<std::_String_val<std::_Simple_types<_Elem>>>,std::_String_iterator<std::_String_val<std::_Simple_types<_Elem>>>,ConfigFile::string_as_T::<lambda_1>>(const _InIt,const _InIt,_OutIt,_Fn)' being compiled
          with
          [
              _OutIt=std::_String_iterator<std::_String_val<std::_Simple_types<char>>>,
              _Elem=char,
              _InIt=std::_String_iterator<std::_String_val<std::_Simple_types<char>>>,
              _Fn=ConfigFile::string_as_T::<lambda_1>
          ]
  
  researchmanager.cpp
K:\Coding\FreeSynd\source\kernel\src\mgr\researchmanager.cpp(120,13): warning C4477: 'printf' : format string '%s' requires an argument of type 'char *', but variadic argument 1 has type 'int'
K:\Coding\FreeSynd\source\kernel\src\mgr\researchmanager.cpp(120,13): warning C4313: 'printf': '%s' in format string conflicts with argument 1 of type 'int'
K:\Coding\FreeSynd\source\kernel\src\mgr\researchmanager.cpp(147,13): warning C4477: 'printf' : format string '%s' requires an argument of type 'char *', but variadic argument 1 has type 'int'
K:\Coding\FreeSynd\source\kernel\src\mgr\researchmanager.cpp(147,13): warning C4313: 'printf': '%s' in format string conflicts with argument 1 of type 'int'
K:\Coding\FreeSynd\source\kernel\src\mgr\researchmanager.cpp(245,56): warning C4242: 'argument': conversion from 'int' to 'short', possible loss of data
K:\Coding\FreeSynd\source\kernel\src\mgr\researchmanager.cpp(316,43): warning C4267: 'argument': conversion from 'size_t' to 'uint32_t', possible loss of data
K:\Coding\FreeSynd\source\kernel\src\mgr\researchmanager.cpp(324,46): warning C4267: 'argument': conversion from 'size_t' to 'uint32_t', possible loss of data
C:\Program Files\Microsoft Visual Studio\2022\Community\VC\Tools\MSVC\14.44.35207\include\algorithm(3800,24): warning C4242: '=': conversion from 'int' to 'char', possible loss of data
  (compiling source file '../../../source/kernel/src/mgr/researchmanager.cpp')
      C:\Program Files\Microsoft Visual Studio\2022\Community\VC\Tools\MSVC\14.44.35207\include\algorithm(3800,24):
      the template instantiation context (the oldest one first) is
          K:\Coding\FreeSynd\source\utils\include\fs-utils\io\configfile.h(181,10):
          see reference to function template instantiation '_OutIt std::transform<std::_String_iterator<std::_String_val<std::_Simple_types<_Elem>>>,std::_String_iterator<std::_String_val<std::_Simple_types<_Elem>>>,ConfigFile::string_as_T::<lambda_1>>(const _InIt,const _InIt,_OutIt,_Fn)' being compiled
          with
          [
              _OutIt=std::_String_iterator<std::_String_val<std::_Simple_types<char>>>,
              _Elem=char,
              _InIt=std::_String_iterator<std::_String_val<std::_Simple_types<char>>>,
              _Fn=ConfigFile::string_as_T::<lambda_1>
          ]
  
  weaponmanager.cpp
K:\Coding\FreeSynd\source\kernel\src\mgr\weaponmanager.cpp(214,40): warning C4267: 'argument': conversion from 'size_t' to 'uint32_t', possible loss of data
K:\Coding\FreeSynd\source\kernel\src\mgr\weaponmanager.cpp(224,93): warning C4100: 'v': unreferenced parameter
K:\Coding\FreeSynd\source\kernel\src\mgr\weaponmanager.cpp(291,30): warning C4389: '==': signed/unsigned mismatch
C:\Program Files\Microsoft Visual Studio\2022\Community\VC\Tools\MSVC\14.44.35207\include\algorithm(3800,24): warning C4242: '=': conversion from 'int' to 'char', possible loss of data
  (compiling source file '../../../source/kernel/src/mgr/weaponmanager.cpp')
      C:\Program Files\Microsoft Visual Studio\2022\Community\VC\Tools\MSVC\14.44.35207\include\algorithm(3800,24):
      the template instantiation context (the oldest one first) is
          K:\Coding\FreeSynd\source\utils\include\fs-utils\io\configfile.h(181,10):
          see reference to function template instantiation '_OutIt std::transform<std::_String_iterator<std::_String_val<std::_Simple_types<_Elem>>>,std::_String_iterator<std::_String_val<std::_Simple_types<_Elem>>>,ConfigFile::string_as_T::<lambda_1>>(const _InIt,const _InIt,_OutIt,_Fn)' being compiled
          with
          [
              _OutIt=std::_String_iterator<std::_String_val<std::_Simple_types<char>>>,
              _Elem=char,
              _InIt=std::_String_iterator<std::_String_val<std::_Simple_types<char>>>,
              _Fn=ConfigFile::string_as_T::<lambda_1>
          ]
  
  missionmanager.cpp
K:\Coding\FreeSynd\source\kernel\src\mgr\missionmanager.cpp(108,35): warning C4267: 'argument': conversion from 'size_t' to 'int', possible loss of data
K:\Coding\FreeSynd\source\kernel\src\mgr\missionmanager.cpp(261,86): warning C4100: 'pMission': unreferenced parameter
K:\Coding\FreeSynd\source\kernel\src\mgr\missionmanager.cpp(261,65): warning C4100: 'level_data': unreferenced parameter
K:\Coding\FreeSynd\source\kernel\src\mgr\missionmanager.cpp(495,13): warning C4477: 'printf' : format string '%s' requires an argument of type 'char *', but variadic argument 1 has type 'int'
K:\Coding\FreeSynd\source\kernel\src\mgr\missionmanager.cpp(495,13): warning C4313: 'printf': '%s' in format string conflicts with argument 1 of type 'int'
K:\Coding\FreeSynd\source\kernel\src\mgr\missionmanager.cpp(522,48): warning C4267: '=': conversion from 'size_t' to 'uint16_t', possible loss of data
K:\Coding\FreeSynd\source\kernel\src\mgr\missionmanager.cpp(551,23): warning C4244: 'initializing': conversion from 'int' to 'uint16_t', possible loss of data
K:\Coding\FreeSynd\source\kernel\src\mgr\missionmanager.cpp(572,42): warning C4244: '=': conversion from 'int' to 'uint16_t', possible loss of data
K:\Coding\FreeSynd\source\kernel\src\mgr\missionmanager.cpp(586,17): warning C4477: 'printf' : format string '%s' requires an argument of type 'char *', but variadic argument 1 has type 'int'
K:\Coding\FreeSynd\source\kernel\src\mgr\missionmanager.cpp(586,17): warning C4313: 'printf': '%s' in format string conflicts with argument 1 of type 'int'
K:\Coding\FreeSynd\source\kernel\src\mgr\missionmanager.cpp(650,44): warning C4267: '=': conversion from 'size_t' to 'uint16_t', possible loss of data
K:\Coding\FreeSynd\source\kernel\src\mgr\missionmanager.cpp(913,25): warning C4477: 'printf' : format string '%s' requires an argument of type 'char *', but variadic argument 1 has type 'unsigned int'
K:\Coding\FreeSynd\source\kernel\src\mgr\missionmanager.cpp(913,25): warning C4313: 'printf': '%s' in format string conflicts with argument 1 of type 'unsigned int'
K:\Coding\FreeSynd\source\kernel\src\mgr\missionmanager.cpp(916,21): warning C4477: 'printf' : format string '%s' requires an argument of type 'char *', but variadic argument 1 has type 'unsigned int'
K:\Coding\FreeSynd\source\kernel\src\mgr\missionmanager.cpp(916,21): warning C4313: 'printf': '%s' in format string conflicts with argument 1 of type 'unsigned int'
K:\Coding\FreeSynd\source\kernel\src\mgr\missionmanager.cpp(960,17): warning C4477: 'printf' : format string '%s' requires an argument of type 'char *', but variadic argument 1 has type 'int'
K:\Coding\FreeSynd\source\kernel\src\mgr\missionmanager.cpp(960,17): warning C4313: 'printf': '%s' in format string conflicts with argument 1 of type 'int'
C:\Program Files\Microsoft Visual Studio\2022\Community\VC\Tools\MSVC\14.44.35207\include\algorithm(3800,24): warning C4242: '=': conversion from 'int' to 'char', possible loss of data
  (compiling source file '../../../source/kernel/src/mgr/missionmanager.cpp')
      C:\Program Files\Microsoft Visual Studio\2022\Community\VC\Tools\MSVC\14.44.35207\include\algorithm(3800,24):
      the template instantiation context (the oldest one first) is
          K:\Coding\FreeSynd\source\utils\include\fs-utils\io\configfile.h(181,10):
          see reference to function template instantiation '_OutIt std::transform<std::_String_iterator<std::_String_val<std::_Simple_types<_Elem>>>,std::_String_iterator<std::_String_val<std::_Simple_types<_Elem>>>,ConfigFile::string_as_T::<lambda_1>>(const _InIt,const _InIt,_OutIt,_Fn)' being compiled
          with
          [
              _OutIt=std::_String_iterator<std::_String_val<std::_Simple_types<char>>>,
              _Elem=char,
              _InIt=std::_String_iterator<std::_String_val<std::_Simple_types<char>>>,
              _Fn=ConfigFile::string_as_T::<lambda_1>
          ]
  
  Generating Code...
  fs_kernel.vcxproj -> K:\Coding\FreeSynd\platform\windows\kernel\Debug\fs_kernel.lib
